[debug] [2018-09-04T16:38:53.800Z] ----------------------------------------------------------------------
[debug] [2018-09-04T16:38:53.802Z] Command:       D:\nodejs\node.exe C:\Users\bankstyle\AppData\Roaming\npm\node_modules\firebase-tools\bin\firebase serve --only functions
[debug] [2018-09-04T16:38:53.803Z] CLI Version:   4.1.1
[debug] [2018-09-04T16:38:53.803Z] Platform:      win32
[debug] [2018-09-04T16:38:53.803Z] Node Version:  v8.11.3
[debug] [2018-09-04T16:38:53.803Z] Time:          Tue Sep 04 2018 23:38:53 GMT+0700 (SE Asia Standard Time)
[debug] [2018-09-04T16:38:53.803Z] ----------------------------------------------------------------------
[debug] 
[debug] [2018-09-04T16:38:53.813Z] > command requires scopes: ["email","openid","https://www.googleapis.com/auth/cloudplatformprojects.readonly","https://www.googleapis.com/auth/firebase","https://www.googleapis.com/auth/cloud-platform"]
[debug] [2018-09-04T16:38:53.813Z] > authorizing via signed-in user
[debug] [2018-09-04T16:38:53.816Z] >>> HTTP REQUEST GET https://admin.firebase.com/v1/projects/resttestcloudfunction  
 
[debug] [2018-09-04T16:38:55.167Z] <<< HTTP RESPONSE 200
[debug] [2018-09-04T16:38:55.167Z] >>> HTTP REQUEST GET https://admin.firebase.com/v1/database/resttestcloudfunction/tokens  
 
[debug] [2018-09-04T16:38:56.292Z] <<< HTTP RESPONSE 200
[debug] [2018-09-04T16:38:56.294Z] >>> HTTP REQUEST GET https://cloudresourcemanager.googleapis.com/v1/projects/resttestcloudfunction  
 
[debug] [2018-09-04T16:38:57.837Z] <<< HTTP RESPONSE 200
[info] 
[info] === Serving from 'D:\work\sirisoft\firebase-cloud-rest'...
[info] 
[info] i  functions: Preparing to emulate functions.
[debug] [2018-09-04T16:38:59.343Z] Fetching environment
[debug] [2018-09-04T16:38:59.349Z] >>> HTTP REQUEST GET https://mobilesdk-pa.googleapis.com/v1/projects/331664129210:getServerAppConfig  
 
[debug] [2018-09-04T16:39:00.189Z] <<< HTTP RESPONSE 200
[debug] [2018-09-04T16:39:00.189Z] Starting @google-cloud/functions-emulator
[debug] [2018-09-04T16:39:02.239Z] Parsing function triggers
[info] +  functions: helloWorld: http://localhost:5000/resttestcloudfunction/us-central1/helloWorld
